Release 14.7 - xst P.20131013 (lin64)
Copyright (c) 1995-2013 Xilinx, Inc.  All rights reserved.
--> 
Parameter TMPDIR set to xst/projnav.tmp


Total REAL time to Xst completion: 0.00 secs
Total CPU time to Xst completion: 0.07 secs
 
--> 
Parameter xsthdpdir set to xst


Total REAL time to Xst completion: 0.00 secs
Total CPU time to Xst completion: 0.08 secs
 
--> 
Reading design: bin_256_cnt_free_run.prj

TABLE OF CONTENTS
  1) Synthesis Options Summary
  2) HDL Compilation
  3) Design Hierarchy Analysis
  4) HDL Analysis
  5) HDL Synthesis
     5.1) HDL Synthesis Report
  6) Advanced HDL Synthesis
     6.1) Advanced HDL Synthesis Report
  7) Low Level Synthesis
  8) Partition Report
  9) Final Report
	9.1) Device utilization summary
	9.2) Partition Resource Summary
	9.3) TIMING REPORT


=========================================================================
*                      Synthesis Options Summary                        *
=========================================================================
---- Source Parameters
Input File Name                    : "bin_256_cnt_free_run.prj"
Input Format                       : mixed
Ignore Synthesis Constraint File   : NO

---- Target Parameters
Output File Name                   : "bin_256_cnt_free_run"
Output Format                      : NGC
Target Device                      : xc3s500e-5-fg320

---- Source Options
Top Module Name                    : bin_256_cnt_free_run
Automatic FSM Extraction           : YES
FSM Encoding Algorithm             : Auto
Safe Implementation                : No
FSM Style                          : LUT
RAM Extraction                     : Yes
RAM Style                          : Auto
ROM Extraction                     : Yes
Mux Style                          : Auto
Decoder Extraction                 : YES
Priority Encoder Extraction        : Yes
Shift Register Extraction          : YES
Logical Shifter Extraction         : YES
XOR Collapsing                     : YES
ROM Style                          : Auto
Mux Extraction                     : Yes
Resource Sharing                   : YES
Asynchronous To Synchronous        : NO
Multiplier Style                   : Auto
Automatic Register Balancing       : No

---- Target Options
Add IO Buffers                     : YES
Global Maximum Fanout              : 100000
Add Generic Clock Buffer(BUFG)     : 24
Register Duplication               : YES
Slice Packing                      : YES
Optimize Instantiated Primitives   : NO
Use Clock Enable                   : Yes
Use Synchronous Set                : Yes
Use Synchronous Reset              : Yes
Pack IO Registers into IOBs        : Auto
Equivalent register Removal        : YES

---- General Options
Optimization Goal                  : Speed
Optimization Effort                : 1
Keep Hierarchy                     : No
Netlist Hierarchy                  : As_Optimized
RTL Output                         : Yes
Global Optimization                : AllClockNets
Read Cores                         : YES
Write Timing Constraints           : NO
Cross Clock Analysis               : NO
Hierarchy Separator                : /
Bus Delimiter                      : <>
Case Specifier                     : Maintain
Slice Utilization Ratio            : 100
BRAM Utilization Ratio             : 100
Verilog 2001                       : YES
Auto BRAM Packing                  : NO
Slice Utilization Ratio Delta      : 5

=========================================================================


=========================================================================
*                          HDL Compilation                              *
=========================================================================
Compiling verilog file "free_run/bin_256_cnt_free_run.v" in library work
Module <bin_256_cnt_free_run> compiled
No errors in compilation
Analysis of file <"bin_256_cnt_free_run.prj"> succeeded.
 

=========================================================================
*                     Design Hierarchy Analysis                         *
=========================================================================
Analyzing hierarchy for module <bin_256_cnt_free_run> in library <work>.


=========================================================================
*                            HDL Analysis                               *
=========================================================================
Analyzing top module <bin_256_cnt_free_run>.
Module <bin_256_cnt_free_run> is correct for synthesis.
 

=========================================================================
*                           HDL Synthesis                               *
=========================================================================

Performing bidirectional port resolution...

Synthesizing Unit <bin_256_cnt_free_run>.
    Related source file is "free_run/bin_256_cnt_free_run.v".
    Found 8-bit comparator equal for signal <max_tick$cmp_eq0000> created at line 43.
    Found 8-bit up counter for signal <n_reg>.
    Summary:
	inferred   1 Counter(s).
	inferred   1 Comparator(s).
Unit <bin_256_cnt_free_run> synthesized.


=========================================================================
HDL Synthesis Report

Macro Statistics
# Counters                                             : 1
 8-bit up counter                                      : 1
# Comparators                                          : 1
 8-bit comparator equal                                : 1

=========================================================================

=========================================================================
*                       Advanced HDL Synthesis                          *
=========================================================================


=========================================================================
Advanced HDL Synthesis Report

Macro Statistics
# Counters                                             : 1
 8-bit up counter                                      : 1
# Comparators                                          : 1
 8-bit comparator equal                                : 1

=========================================================================

=========================================================================
*                         Low Level Synthesis                           *
=========================================================================

Optimizing unit <bin_256_cnt_free_run> ...

Mapping all equations...
Building and optimizing final netlist ...
Found area constraint ratio of 100 (+ 5) on block bin_256_cnt_free_run, actual ratio is 0.

Final Macro Processing ...

=========================================================================
Final Register Report

Macro Statistics
# Registers                                            : 8
 Flip-Flops                                            : 8

=========================================================================

=========================================================================
*                           Partition Report                            *
=========================================================================

Partition Implementation Status
-------------------------------

  No Partitions were found in this design.

-------------------------------

=========================================================================
*                            Final Report                               *
=========================================================================
Final Results
RTL Top Level Output File Name     : bin_256_cnt_free_run.ngr
Top Level Output File Name         : bin_256_cnt_free_run
Output Format                      : NGC
Optimization Goal                  : Speed
Keep Hierarchy                     : No

Design Statistics
# IOs                              : 18

Cell Usage :
# BELS                             : 31
#      GND                         : 1
#      LUT3                        : 8
#      LUT4                        : 4
#      LUT4_D                      : 2
#      MUXCY                       : 7
#      VCC                         : 1
#      XORCY                       : 8
# FlipFlops/Latches                : 8
#      FDC                         : 7
#      FDP                         : 1
# Clock Buffers                    : 1
#      BUFGP                       : 1
# IO Buffers                       : 17
#      IBUF                        : 9
#      OBUF                        : 8
=========================================================================

Device utilization summary:
---------------------------

Selected Device : 3s500efg320-5 

 Number of Slices:                        7  out of   4656     0%  
 Number of Slice Flip Flops:              8  out of   9312     0%  
 Number of 4 input LUTs:                 14  out of   9312     0%  
 Number of IOs:                          18
 Number of bonded IOBs:                  18  out of    232     7%  
 Number of GCLKs:                         1  out of     24     4%  

---------------------------
Partition Resource Summary:
---------------------------

  No Partitions were found in this design.

---------------------------


=========================================================================
TIMING REPORT

NOTE: THESE TIMING NUMBERS ARE ONLY A SYNTHESIS ESTIMATE.
      FOR ACCURATE TIMING INFORMATION PLEASE REFER TO THE TRACE REPORT
      GENERATED AFTER PLACE-and-ROUTE.

Clock Information:
------------------
-----------------------------------+------------------------+-------+
Clock Signal                       | Clock buffer(FF name)  | Load  |
-----------------------------------+------------------------+-------+
clk                                | BUFGP                  | 8     |
-----------------------------------+------------------------+-------+

Asynchronous Control Signals Information:
----------------------------------------
-----------------------------------+------------------------+-------+
Control Signal                     | Buffer(FF name)        | Load  |
-----------------------------------+------------------------+-------+
reset                              | IBUF                   | 8     |
-----------------------------------+------------------------+-------+

Timing Summary:
---------------
Speed Grade: -5

   Minimum period: 5.611ns (Maximum Frequency: 178.228MHz)
   Minimum input arrival time before clock: 6.230ns
   Maximum output required time after clock: 4.134ns
   Maximum combinational path delay: No path found

Timing Detail:
--------------
All values displayed in nanoseconds (ns)

=========================================================================
Timing constraint: Default period analysis for Clock 'clk'
  Clock period: 5.611ns (frequency: 178.228MHz)
  Total number of paths / destination ports: 388 / 8
-------------------------------------------------------------------------
Delay:               5.611ns (Levels of Logic = 11)
  Source:            n_reg_3 (FF)
  Destination:       n_reg_7 (FF)
  Source Clock:      clk rising
  Destination Clock: clk rising

  Data Path: n_reg_3 to n_reg_7
                                Gate     Net
    Cell:in->out      fanout   Delay   Delay  Logical Name (Net Name)
    ----------------------------------------  ------------
     FDC:C->Q              3   0.514   0.481  n_reg_3 (n_reg_3)
     LUT4_D:I2->O          1   0.612   0.426  max_tick853 (max_tick853)
     LUT4:I1->O            8   0.612   0.673  max_tick8136 (max_tick)
     LUT3:I2->O            1   0.612   0.000  Mcount_n_reg_lut<0> (Mcount_n_reg_lut<0>)
     MUXCY:S->O            1   0.404   0.000  Mcount_n_reg_cy<0> (Mcount_n_reg_cy<0>)
     MUXCY:CI->O           1   0.051   0.000  Mcount_n_reg_cy<1> (Mcount_n_reg_cy<1>)
     MUXCY:CI->O           1   0.051   0.000  Mcount_n_reg_cy<2> (Mcount_n_reg_cy<2>)
     MUXCY:CI->O           1   0.051   0.000  Mcount_n_reg_cy<3> (Mcount_n_reg_cy<3>)
     MUXCY:CI->O           1   0.051   0.000  Mcount_n_reg_cy<4> (Mcount_n_reg_cy<4>)
     MUXCY:CI->O           1   0.051   0.000  Mcount_n_reg_cy<5> (Mcount_n_reg_cy<5>)
     MUXCY:CI->O           0   0.051   0.000  Mcount_n_reg_cy<6> (Mcount_n_reg_cy<6>)
     XORCY:CI->O           1   0.699   0.000  Mcount_n_reg_xor<7> (Mcount_n_reg7)
     FDC:D                     0.268          n_reg_7
    ----------------------------------------
    Total                      5.611ns (4.030ns logic, 1.581ns route)
                                       (71.8% logic, 28.2% route)

=========================================================================
Timing constraint: Default OFFSET IN BEFORE for Clock 'clk'
  Total number of paths / destination ports: 352 / 8
-------------------------------------------------------------------------
Offset:              6.230ns (Levels of Logic = 12)
  Source:            n_conut<3> (PAD)
  Destination:       n_reg_7 (FF)
  Destination Clock: clk rising

  Data Path: n_conut<3> to n_reg_7
                                Gate     Net
    Cell:in->out      fanout   Delay   Delay  Logical Name (Net Name)
    ----------------------------------------  ------------
     IBUF:I->O             1   1.106   0.509  n_conut_3_IBUF (n_conut_3_IBUF)
     LUT4_D:I0->O          1   0.612   0.426  max_tick853 (max_tick853)
     LUT4:I1->O            8   0.612   0.673  max_tick8136 (max_tick)
     LUT3:I2->O            1   0.612   0.000  Mcount_n_reg_lut<0> (Mcount_n_reg_lut<0>)
     MUXCY:S->O            1   0.404   0.000  Mcount_n_reg_cy<0> (Mcount_n_reg_cy<0>)
     MUXCY:CI->O           1   0.051   0.000  Mcount_n_reg_cy<1> (Mcount_n_reg_cy<1>)
     MUXCY:CI->O           1   0.051   0.000  Mcount_n_reg_cy<2> (Mcount_n_reg_cy<2>)
     MUXCY:CI->O           1   0.051   0.000  Mcount_n_reg_cy<3> (Mcount_n_reg_cy<3>)
     MUXCY:CI->O           1   0.051   0.000  Mcount_n_reg_cy<4> (Mcount_n_reg_cy<4>)
     MUXCY:CI->O           1   0.051   0.000  Mcount_n_reg_cy<5> (Mcount_n_reg_cy<5>)
     MUXCY:CI->O           0   0.051   0.000  Mcount_n_reg_cy<6> (Mcount_n_reg_cy<6>)
     XORCY:CI->O           1   0.699   0.000  Mcount_n_reg_xor<7> (Mcount_n_reg7)
     FDC:D                     0.268          n_reg_7
    ----------------------------------------
    Total                      6.230ns (4.622ns logic, 1.608ns route)
                                       (74.2% logic, 25.8% route)

=========================================================================
Timing constraint: Default OFFSET OUT AFTER for Clock 'clk'
  Total number of paths / destination ports: 8 / 8
-------------------------------------------------------------------------
Offset:              4.134ns (Levels of Logic = 1)
  Source:            n_reg_7 (FF)
  Destination:       q<7> (PAD)
  Source Clock:      clk rising

  Data Path: n_reg_7 to q<7>
                                Gate     Net
    Cell:in->out      fanout   Delay   Delay  Logical Name (Net Name)
    ----------------------------------------  ------------
     FDC:C->Q              3   0.514   0.451  n_reg_7 (n_reg_7)
     OBUF:I->O                 3.169          q_7_OBUF (q<7>)
    ----------------------------------------
    Total                      4.134ns (3.683ns logic, 0.451ns route)
                                       (89.1% logic, 10.9% route)

=========================================================================


Total REAL time to Xst completion: 10.00 secs
Total CPU time to Xst completion: 9.81 secs
 
--> 


Total memory usage is 606752 kilobytes

Number of errors   :    0 (   0 filtered)
Number of warnings :    0 (   0 filtered)
Number of infos    :    0 (   0 filtered)

