#-----------------------------------------------------------
# PlanAhead v14.7 (64-bit)
# Build 321239 by xbuild on Fri Sep 27 19:24:36 MDT 2013
# Start of session at: Fri Sep  6 08:51:41 2024
# Process ID: 17023
# Log file: /home/ise/code/main/planAhead_run_2/planAhead.log
# Journal file: /home/ise/code/main/planAhead_run_2/planAhead.jou
#-----------------------------------------------------------
INFO: [Common 17-78] Attempting to get a license: PlanAhead
INFO: [Common 17-290] Got license for PlanAhead
INFO: [Common 17-86] Your PlanAhead license expires in -2686 day(s)
INFO: [Device 21-36] Loading parts and site information from /opt/Xilinx/14.7/ISE_DS/PlanAhead/data/parts/arch.xml
Parsing RTL primitives file [/opt/Xilinx/14.7/ISE_DS/PlanAhead/data/parts/xilinx/rtl/prims/rtl_prims.xml]
Finished parsing RTL primitives file [/opt/Xilinx/14.7/ISE_DS/PlanAhead/data/parts/xilinx/rtl/prims/rtl_prims.xml]
start_gui
source /home/ise/code/main/pa.fromNetlist.tcl
# create_project -name main -dir "/home/ise/code/main/planAhead_run_2" -part xc3s500efg320-5
ERROR: [Common 17-53] User Exception: Project already exists on disk, please use '-force' option to overwrite: 
     /home/ise/code/main/planAhead_run_2/main.ppr
     /home/ise/code/main/planAhead_run_2/main.data

    while executing
"create_project -name main -dir "/home/ise/code/main/planAhead_run_2" -part xc3s500efg320-5"
    (file "/home/ise/code/main/pa.fromNetlist.tcl" line 4)
exit
INFO: [Common 17-206] Exiting PlanAhead at Fri Sep  6 08:52:11 2024...
INFO: [Common 17-83] Releasing license: PlanAhead
